# JRE version: OpenJDK Runtime Environment (8.0_152-b05) (build 1.8.0_152-release-1136-b05)
# Java VM: OpenJDK 64-Bit Server VM (25.152-b05 mixed mode windows-amd64 compressed oops)
Heap:
 PSYoungGen      total 69632K, used 35262K [0x00000000e0000000, 0x00000000e4f80000, 0x0000000100000000)
  eden space 59904K, 49% used [0x00000000e0000000,0x00000000e1cd3bb8,0x00000000e3a80000)
  from space 9728K, 59% used [0x00000000e4400000,0x00000000e499beb0,0x00000000e4d80000)
  to   space 9728K, 0% used [0x00000000e3a80000,0x00000000e3a80000,0x00000000e4400000)
 ParOldGen       total 53248K, used 8149K [0x00000000a0000000, 0x00000000a3400000, 0x00000000e0000000)
  object space 53248K, 15% used [0x00000000a0000000,0x00000000a07f55b8,0x00000000a3400000)
 Metaspace       used 29830K, capacity 30420K, committed 30768K, reserved 1075200K
  class space    used 4162K, capacity 4351K, committed 4400K, reserved 1048576K
GC Heap History (10 events):
Event: 14.720 GC heap before
{Heap before GC invocations=5 (full 0):
 PSYoungGen      total 38400K, used 21821K [0x00000000e0000000, 0x00000000e2a80000, 0x0000000100000000)
  eden space 33280K, 50% used [0x00000000e0000000,0x00000000e10575c8,0x00000000e2080000)
  from space 5120K, 99% used [0x00000000e2580000,0x00000000e2a78040,0x00000000e2a80000)
  to   space 5120K, 0% used [0x00000000e2080000,0x00000000e2080000,0x00000000e2580000)
 ParOldGen       total 87552K, used 5320K [0x00000000a0000000, 0x00000000a5580000, 0x00000000e0000000)
  object space 87552K, 6% used [0x00000000a0000000,0x00000000a0532200,0x00000000a5580000)
 Metaspace       used 20759K, capacity 21192K, committed 21296K, reserved 1067008K
  class space    used 2914K, capacity 3076K, committed 3120K, reserved 1048576K
Event: 14.727 GC heap after
Heap after GC invocations=5 (full 0):
 PSYoungGen      total 38400K, used 5108K [0x00000000e0000000, 0x00000000e2a80000, 0x0000000100000000)
  eden space 33280K, 0% used [0x00000000e0000000,0x00000000e0000000,0x00000000e2080000)
  from space 5120K, 99% used [0x00000000e2080000,0x00000000e257d060,0x00000000e2580000)
  to   space 5120K, 0% used [0x00000000e2580000,0x00000000e2580000,0x00000000e2a80000)
 ParOldGen       total 87552K, used 8116K [0x00000000a0000000, 0x00000000a5580000, 0x00000000e0000000)
  object space 87552K, 9% used [0x00000000a0000000,0x00000000a07ed090,0x00000000a5580000)
 Metaspace       used 20759K, capacity 21192K, committed 21296K, reserved 1067008K
  class space    used 2914K, capacity 3076K, committed 3120K, reserved 1048576K
}
Event: 14.727 GC heap before
{Heap before GC invocations=6 (full 1):
 PSYoungGen      total 38400K, used 5108K [0x00000000e0000000, 0x00000000e2a80000, 0x0000000100000000)
  eden space 33280K, 0% used [0x00000000e0000000,0x00000000e0000000,0x00000000e2080000)
  from space 5120K, 99% used [0x00000000e2080000,0x00000000e257d060,0x00000000e2580000)
  to   space 5120K, 0% used [0x00000000e2580000,0x00000000e2580000,0x00000000e2a80000)
 ParOldGen       total 87552K, used 8116K [0x00000000a0000000, 0x00000000a5580000, 0x00000000e0000000)
  object space 87552K, 9% used [0x00000000a0000000,0x00000000a07ed090,0x00000000a5580000)
 Metaspace       used 20759K, capacity 21192K, committed 21296K, reserved 1067008K
  class space    used 2914K, capacity 3076K, committed 3120K, reserved 1048576K
Event: 14.767 GC heap after
Heap after GC invocations=6 (full 1):
 PSYoungGen      total 38400K, used 0K [0x00000000e0000000, 0x00000000e2a80000, 0x0000000100000000)
  eden space 33280K, 0% used [0x00000000e0000000,0x00000000e0000000,0x00000000e2080000)
  from space 5120K, 0% used [0x00000000e2080000,0x00000000e2080000,0x00000000e2580000)
  to   space 5120K, 0% used [0x00000000e2580000,0x00000000e2580000,0x00000000e2a80000)
 ParOldGen       total 53248K, used 8133K [0x00000000a0000000, 0x00000000a3400000, 0x00000000e0000000)
  object space 53248K, 15% used [0x00000000a0000000,0x00000000a07f15b8,0x00000000a3400000)
 Metaspace       used 20759K, capacity 21192K, committed 21296K, reserved 1067008K
  class space    used 2914K, capacity 3076K, committed 3120K, reserved 1048576K
}
Event: 15.251 GC heap before
{Heap before GC invocations=7 (full 1):
 PSYoungGen      total 38400K, used 33280K [0x00000000e0000000, 0x00000000e2a80000, 0x0000000100000000)
  eden space 33280K, 100% used [0x00000000e0000000,0x00000000e2080000,0x00000000e2080000)
  from space 5120K, 0% used [0x00000000e2080000,0x00000000e2080000,0x00000000e2580000)
  to   space 5120K, 0% used [0x00000000e2580000,0x00000000e2580000,0x00000000e2a80000)
 ParOldGen       total 53248K, used 8133K [0x00000000a0000000, 0x00000000a3400000, 0x00000000e0000000)
  object space 53248K, 15% used [0x00000000a0000000,0x00000000a07f15b8,0x00000000a3400000)
 Metaspace       used 23939K, capacity 24472K, committed 24752K, reserved 1071104K
  class space    used 3293K, capacity 3437K, committed 3504K, reserved 1048576K
Event: 15.254 GC heap after
Heap after GC invocations=7 (full 1):
 PSYoungGen      total 38400K, used 3863K [0x00000000e0000000, 0x00000000e2a80000, 0x0000000100000000)
  eden space 33280K, 0% used [0x00000000e0000000,0x00000000e0000000,0x00000000e2080000)
  from space 5120K, 75% used [0x00000000e2580000,0x00000000e2945c08,0x00000000e2a80000)
  to   space 5120K, 0% used [0x00000000e2080000,0x00000000e2080000,0x00000000e2580000)
 ParOldGen       total 53248K, used 8141K [0x00000000a0000000, 0x00000000a3400000, 0x00000000e0000000)
  object space 53248K, 15% used [0x00000000a0000000,0x00000000a07f35b8,0x00000000a3400000)
 Metaspace       used 23939K, capacity 24472K, committed 24752K, reserved 1071104K
  class space    used 3293K, capacity 3437K, committed 3504K, reserved 1048576K
}
Event: 15.755 GC heap before
{Heap before GC invocations=8 (full 1):
 PSYoungGen      total 38400K, used 37143K [0x00000000e0000000, 0x00000000e2a80000, 0x0000000100000000)
  eden space 33280K, 100% used [0x00000000e0000000,0x00000000e2080000,0x00000000e2080000)
  from space 5120K, 75% used [0x00000000e2580000,0x00000000e2945c08,0x00000000e2a80000)
  to   space 5120K, 0% used [0x00000000e2080000,0x00000000e2080000,0x00000000e2580000)
 ParOldGen       total 53248K, used 8141K [0x00000000a0000000, 0x00000000a3400000, 0x00000000e0000000)
  object space 53248K, 15% used [0x00000000a0000000,0x00000000a07f35b8,0x00000000a3400000)
 Metaspace       used 26581K, capacity 27074K, committed 27440K, reserved 1073152K
  class space    used 3662K, capacity 3833K, committed 3888K, reserved 1048576K
Event: 15.763 GC heap after
Heap after GC invocations=8 (full 1):
 PSYoungGen      total 38400K, used 5001K [0x00000000e0000000, 0x00000000e4d80000, 0x0000000100000000)
  eden space 33280K, 0% used [0x00000000e0000000,0x00000000e0000000,0x00000000e2080000)
  from space 5120K, 97% used [0x00000000e2080000,0x00000000e2562570,0x00000000e2580000)
  to   space 9728K, 0% used [0x00000000e4400000,0x00000000e4400000,0x00000000e4d80000)
 ParOldGen       total 53248K, used 8141K [0x00000000a0000000, 0x00000000a3400000, 0x00000000e0000000)
  object space 53248K, 15% used [0x00000000a0000000,0x00000000a07f35b8,0x00000000a3400000)
 Metaspace       used 26581K, capacity 27074K, committed 27440K, reserved 1073152K
  class space    used 3662K, capacity 3833K, committed 3888K, reserved 1048576K
}
Event: 16.232 GC heap before
{Heap before GC invocations=9 (full 1):
 PSYoungGen      total 38400K, used 38281K [0x00000000e0000000, 0x00000000e4d80000, 0x0000000100000000)
  eden space 33280K, 100% used [0x00000000e0000000,0x00000000e2080000,0x00000000e2080000)
  from space 5120K, 97% used [0x00000000e2080000,0x00000000e2562570,0x00000000e2580000)
  to   space 9728K, 0% used [0x00000000e4400000,0x00000000e4400000,0x00000000e4d80000)
 ParOldGen       total 53248K, used 8141K [0x00000000a0000000, 0x00000000a3400000, 0x00000000e0000000)
  object space 53248K, 15% used [0x00000000a0000000,0x00000000a07f35b8,0x00000000a3400000)
 Metaspace       used 28367K, capacity 28936K, committed 29360K, reserved 1075200K
  class space    used 3973K, capacity 4155K, committed 4272K, reserved 1048576K
Event: 16.247 GC heap after
Heap after GC invocations=9 (full 1):
 PSYoungGen      total 69632K, used 5743K [0x00000000e0000000, 0x00000000e4f80000, 0x0000000100000000)
  eden space 59904K, 0% used [0x00000000e0000000,0x00000000e0000000,0x00000000e3a80000)
  from space 9728K, 59% used [0x00000000e4400000,0x00000000e499beb0,0x00000000e4d80000)
  to   space 9728K, 0% used [0x00000000e3a80000,0x00000000e3a80000,0x00000000e4400000)
 ParOldGen       total 53248K, used 8149K [0x00000000a0000000, 0x00000000a3400000, 0x00000000e0000000)
  object space 53248K, 15% used [0x00000000a0000000,0x00000000a07f55b8,0x00000000a3400000)
 Metaspace       used 28367K, capacity 28936K, committed 29360K, reserved 1075200K
  class space    used 3973K, capacity 4155K, committed 4272K, reserved 1048576K
}

